<?xml version="1.0" encoding="UTF-8"?>
<!-- Generated by org.testng.reporters.JUnitXMLReporter -->
<testsuite hostname="Lenovo" name="firefox test" tests="2" failures="1" timestamp="23 Nov 2018 18:33:35 GMT" time="83.369" errors="0">
  <testcase name="ClickOnMobile" time="0.058" classname="com.flipkart_test.MobilePageTest">
    <failure type="java.lang.NullPointerException">
      <![CDATA[java.lang.NullPointerException
	at org.openqa.selenium.support.pagefactory.DefaultElementLocator.findElement(DefaultElementLocator.java:69)
	at org.openqa.selenium.support.pagefactory.internal.LocatingElementHandler.invoke(LocatingElementHandler.java:38)
	at com.sun.proxy.$Proxy7.isEnabled(Unknown Source)
	at com.flipkart_pom.HomePage.VerificationForHomePage(HomePage.java:36)
	at com.flipkart_test.FlipkartLogin.LoginTest(FlipkartLogin.java:21)
	at com.flipkart_test.MobilePageTest.ClickOnMobile(MobilePageTest.java:15)
	at java.util.concurrent.ThreadPoolExecutor.runWorker(Unknown Source)
	at java.util.concurrent.ThreadPoolExecutor$Worker.run(Unknown Source)
	at java.lang.Thread.run(Unknown Source)
... Removed 10 stack frames]]>
    </failure>
  </testcase> <!-- ClickOnMobile -->
  <testcase name="LoginTest" time="28.808" classname="com.flipkart_test.FlipkartLogin"/>
</testsuite> <!-- firefox test -->
