<?xml version="1.0" encoding="UTF-8"?>
<testng-results skipped="9" failed="4" total="18" passed="5">
  <reporter-output>
  </reporter-output>
  <suite name="Suite" duration-ms="386643" started-at="2018-11-29T15:24:29Z" finished-at="2018-11-29T15:30:55Z">
    <groups>
    </groups>
    <test name="Test1" duration-ms="140308" started-at="2018-11-29T15:24:29Z" finished-at="2018-11-29T15:26:49Z">
      <class name="com.flipkart_test.MobilePageTest">
        <test-method status="PASS" signature="Precondition()[pri:0, instance:com.flipkart_test.MobilePageTest@48eff760]" name="Precondition" is-config="true" duration-ms="43388" started-at="2018-11-29T20:54:29Z" finished-at="2018-11-29T20:55:12Z">
          <reporter-output>
          </reporter-output>
        </test-method> <!-- Precondition -->
        <test-method status="PASS" signature="Precondition()[pri:0, instance:com.flipkart_test.MobilePageTest@48eff760]" name="Precondition" is-config="true" duration-ms="67701" started-at="2018-11-29T20:54:29Z" finished-at="2018-11-29T20:55:36Z">
          <reporter-output>
          </reporter-output>
        </test-method> <!-- Precondition -->
        <test-method status="PASS" signature="Precondition()[pri:0, instance:com.flipkart_test.MobilePageTest@48eff760]" name="Precondition" is-config="true" duration-ms="53939" started-at="2018-11-29T20:54:29Z" finished-at="2018-11-29T20:55:23Z">
          <reporter-output>
          </reporter-output>
        </test-method> <!-- Precondition -->
        <test-method status="PASS" signature="Precondition()[pri:0, instance:com.flipkart_test.MobilePageTest@48eff760]" name="Precondition" is-config="true" duration-ms="84992" started-at="2018-11-29T20:54:29Z" finished-at="2018-11-29T20:55:54Z">
          <reporter-output>
          </reporter-output>
        </test-method> <!-- Precondition -->
        <test-method status="PASS" signature="ClickOnMobilePage()[pri:1, instance:com.flipkart_test.MobilePageTest@48eff760]" name="ClickOnMobilePage" duration-ms="44725" started-at="2018-11-29T20:55:12Z" finished-at="2018-11-29T20:55:57Z">
          <reporter-output>
          </reporter-output>
        </test-method> <!-- ClickOnMobilePage -->
        <test-method status="PASS" signature="Precondition()[pri:0, instance:com.flipkart_test.MobilePageTest@48eff760]" name="Precondition" is-config="true" duration-ms="65915" started-at="2018-11-29T20:55:14Z" finished-at="2018-11-29T20:56:19Z">
          <reporter-output>
          </reporter-output>
        </test-method> <!-- Precondition -->
        <test-method status="PASS" signature="VerifyDetailsAreOnOpenOnNewTab()[pri:0, instance:com.flipkart_test.MobilePageTest@48eff760]" name="VerifyDetailsAreOnOpenOnNewTab" duration-ms="31130" started-at="2018-11-29T20:55:23Z" finished-at="2018-11-29T20:55:54Z">
          <reporter-output>
          </reporter-output>
        </test-method> <!-- VerifyDetailsAreOnOpenOnNewTab -->
        <test-method status="FAIL" signature="VerifyOtherBrandWith4GB()[pri:0, instance:com.flipkart_test.MobilePageTest@48eff760]" name="VerifyOtherBrandWith4GB" duration-ms="20421" started-at="2018-11-29T20:55:36Z" finished-at="2018-11-29T20:55:57Z">
          <exception class="org.openqa.selenium.remote.UnreachableBrowserException">
            <message>
              <![CDATA[Error communicating with the remote browser. It may have died.
Build info: version: '2.53.1', revision: 'a36b8b1', time: '2016-06-30 17:37:03'
System info: host: 'Lenovo', ip: '192.168.65.1', os.name: 'Windows 8.1', os.arch: 'amd64', os.version: '6.3', java.version: '1.8.0_74'
Driver info: driver.version: RemoteWebDriver
Capabilities [{applicationCacheEnabled=true, rotatable=false, handlesAlerts=true, databaseEnabled=true, version=47.0.2, platform=WINDOWS, nativeEvents=false, acceptSslCerts=true, webStorageEnabled=true, locationContextEnabled=true, browserName=firefox, takesScreenshot=true, javascriptEnabled=true, cssSelectorsEnabled=true}]
Session ID: 65e884ca-a9bd-4122-9d77-6a1375098c27]]>
            </message>
            <full-stacktrace>
              <![CDATA[org.openqa.selenium.remote.UnreachableBrowserException: Error communicating with the remote browser. It may have died.
Build info: version: '2.53.1', revision: 'a36b8b1', time: '2016-06-30 17:37:03'
System info: host: 'Lenovo', ip: '192.168.65.1', os.name: 'Windows 8.1', os.arch: 'amd64', os.version: '6.3', java.version: '1.8.0_74'
Driver info: driver.version: RemoteWebDriver
Capabilities [{applicationCacheEnabled=true, rotatable=false, handlesAlerts=true, databaseEnabled=true, version=47.0.2, platform=WINDOWS, nativeEvents=false, acceptSslCerts=true, webStorageEnabled=true, locationContextEnabled=true, browserName=firefox, takesScreenshot=true, javascriptEnabled=true, cssSelectorsEnabled=true}]
Session ID: 65e884ca-a9bd-4122-9d77-6a1375098c27
	at org.openqa.selenium.remote.RemoteWebDriver.execute(RemoteWebDriver.java:665)
	at org.openqa.selenium.remote.RemoteWebElement.execute(RemoteWebElement.java:327)
	at org.openqa.selenium.remote.RemoteWebElement.isEnabled(RemoteWebElement.java:169)
	at sun.reflect.NativeMethodAccessorImpl.invoke0(Native Method)
	at sun.reflect.NativeMethodAccessorImpl.invoke(Unknown Source)
	at sun.reflect.DelegatingMethodAccessorImpl.invoke(Unknown Source)
	at java.lang.reflect.Method.invoke(Unknown Source)
	at org.openqa.selenium.support.pagefactory.internal.LocatingElementHandler.invoke(LocatingElementHandler.java:51)
	at com.sun.proxy.$Proxy7.isEnabled(Unknown Source)
	at com.flipkart_pom.HomePage.ClickOnMobile(HomePage.java:59)
	at com.flipkart_test.MobilePageTest.VerifyOtherBrandWith4GB(MobilePageTest.java:104)
	at sun.reflect.NativeMethodAccessorImpl.invoke0(Native Method)
	at sun.reflect.NativeMethodAccessorImpl.invoke(Unknown Source)
	at sun.reflect.DelegatingMethodAccessorImpl.invoke(Unknown Source)
	at java.lang.reflect.Method.invoke(Unknown Source)
	at org.testng.internal.MethodInvocationHelper.invokeMethod(MethodInvocationHelper.java:85)
	at org.testng.internal.Invoker.invokeMethod(Invoker.java:639)
	at org.testng.internal.Invoker.invokeTestMethod(Invoker.java:816)
	at org.testng.internal.Invoker.invokeTestMethods(Invoker.java:1124)
	at org.testng.internal.TestMethodWorker.invokeTestMethods(TestMethodWorker.java:125)
	at org.testng.internal.TestMethodWorker.run(TestMethodWorker.java:108)
	at java.util.concurrent.ThreadPoolExecutor.runWorker(Unknown Source)
	at java.util.concurrent.ThreadPoolExecutor$Worker.run(Unknown Source)
	at java.lang.Thread.run(Unknown Source)
Caused by: org.apache.http.conn.HttpHostConnectException: Connect to 127.0.0.1:7055 [/127.0.0.1] failed: Connection refused: connect
	at org.apache.http.impl.conn.DefaultHttpClientConnectionOperator.connect(DefaultHttpClientConnectionOperator.java:151)
	at org.apache.http.impl.conn.PoolingHttpClientConnectionManager.connect(PoolingHttpClientConnectionManager.java:353)
	at org.apache.http.impl.execchain.MainClientExec.establishRoute(MainClientExec.java:380)
	at org.apache.http.impl.execchain.MainClientExec.execute(MainClientExec.java:236)
	at org.apache.http.impl.execchain.ProtocolExec.execute(ProtocolExec.java:184)
	at org.apache.http.impl.execchain.RetryExec.execute(RetryExec.java:88)
	at org.apache.http.impl.execchain.RedirectExec.execute(RedirectExec.java:110)
	at org.apache.http.impl.client.InternalHttpClient.doExecute(InternalHttpClient.java:184)
	at org.apache.http.impl.client.CloseableHttpClient.execute(CloseableHttpClient.java:71)
	at org.apache.http.impl.client.CloseableHttpClient.execute(CloseableHttpClient.java:55)
	at org.openqa.selenium.remote.internal.ApacheHttpClient.fallBackExecute(ApacheHttpClient.java:144)
	at org.openqa.selenium.remote.internal.ApacheHttpClient.execute(ApacheHttpClient.java:90)
	at org.openqa.selenium.remote.HttpCommandExecutor.execute(HttpCommandExecutor.java:142)
	at org.openqa.selenium.firefox.internal.NewProfileExtensionConnection.execute(NewProfileExtensionConnection.java:160)
	at org.openqa.selenium.firefox.FirefoxDriver$LazyCommandExecutor.execute(FirefoxDriver.java:380)
	at org.openqa.selenium.remote.RemoteWebDriver.execute(RemoteWebDriver.java:644)
	... 23 more
Caused by: java.net.ConnectException: Connection refused: connect
	at java.net.DualStackPlainSocketImpl.waitForConnect(Native Method)
	at java.net.DualStackPlainSocketImpl.socketConnect(Unknown Source)
	at java.net.AbstractPlainSocketImpl.doConnect(Unknown Source)
	at java.net.AbstractPlainSocketImpl.connectToAddress(Unknown Source)
	at java.net.AbstractPlainSocketImpl.connect(Unknown Source)
	at java.net.PlainSocketImpl.connect(Unknown Source)
	at java.net.SocksSocketImpl.connect(Unknown Source)
	at java.net.Socket.connect(Unknown Source)
	at org.apache.http.conn.socket.PlainConnectionSocketFactory.connectSocket(PlainConnectionSocketFactory.java:74)
	at org.apache.http.impl.conn.DefaultHttpClientConnectionOperator.connect(DefaultHttpClientConnectionOperator.java:134)
	... 38 more
]]>
            </full-stacktrace>
          </exception> <!-- org.openqa.selenium.remote.UnreachableBrowserException -->
          <reporter-output>
          </reporter-output>
        </test-method> <!-- VerifyOtherBrandWith4GB -->
        <test-method status="FAIL" signature="VerifyCartPage()[pri:0, instance:com.flipkart_test.MobilePageTest@48eff760]" name="VerifyCartPage" duration-ms="14098" started-at="2018-11-29T20:55:54Z" finished-at="2018-11-29T20:56:08Z">
          <exception class="org.openqa.selenium.remote.UnreachableBrowserException">
            <message>
              <![CDATA[Error communicating with the remote browser. It may have died.
Build info: version: '2.53.1', revision: 'a36b8b1', time: '2016-06-30 17:37:03'
System info: host: 'Lenovo', ip: '192.168.65.1', os.name: 'Windows 8.1', os.arch: 'amd64', os.version: '6.3', java.version: '1.8.0_74'
Driver info: driver.version: RemoteWebDriver
Capabilities [{applicationCacheEnabled=true, rotatable=false, handlesAlerts=true, databaseEnabled=true, version=47.0.2, platform=WINDOWS, nativeEvents=false, acceptSslCerts=true, webStorageEnabled=true, locationContextEnabled=true, browserName=firefox, takesScreenshot=true, javascriptEnabled=true, cssSelectorsEnabled=true}]
Session ID: 65e884ca-a9bd-4122-9d77-6a1375098c27]]>
            </message>
            <full-stacktrace>
              <![CDATA[org.openqa.selenium.remote.UnreachableBrowserException: Error communicating with the remote browser. It may have died.
Build info: version: '2.53.1', revision: 'a36b8b1', time: '2016-06-30 17:37:03'
System info: host: 'Lenovo', ip: '192.168.65.1', os.name: 'Windows 8.1', os.arch: 'amd64', os.version: '6.3', java.version: '1.8.0_74'
Driver info: driver.version: RemoteWebDriver
Capabilities [{applicationCacheEnabled=true, rotatable=false, handlesAlerts=true, databaseEnabled=true, version=47.0.2, platform=WINDOWS, nativeEvents=false, acceptSslCerts=true, webStorageEnabled=true, locationContextEnabled=true, browserName=firefox, takesScreenshot=true, javascriptEnabled=true, cssSelectorsEnabled=true}]
Session ID: 65e884ca-a9bd-4122-9d77-6a1375098c27
	at org.openqa.selenium.remote.RemoteWebDriver.execute(RemoteWebDriver.java:665)
	at org.openqa.selenium.remote.RemoteWebDriver.findElement(RemoteWebDriver.java:363)
	at org.openqa.selenium.remote.RemoteWebDriver.findElementByXPath(RemoteWebDriver.java:500)
	at org.openqa.selenium.By$ByXPath.findElement(By.java:361)
	at org.openqa.selenium.remote.RemoteWebDriver.findElement(RemoteWebDriver.java:355)
	at org.openqa.selenium.support.pagefactory.DefaultElementLocator.findElement(DefaultElementLocator.java:69)
	at org.openqa.selenium.support.pagefactory.internal.LocatingElementHandler.invoke(LocatingElementHandler.java:38)
	at com.sun.proxy.$Proxy7.sendKeys(Unknown Source)
	at com.flipkart_pom.HomePage.SearchMobiles(HomePage.java:79)
	at com.flipkart_test.MobilePageTest.VerifyCartPage(MobilePageTest.java:129)
	at sun.reflect.NativeMethodAccessorImpl.invoke0(Native Method)
	at sun.reflect.NativeMethodAccessorImpl.invoke(Unknown Source)
	at sun.reflect.DelegatingMethodAccessorImpl.invoke(Unknown Source)
	at java.lang.reflect.Method.invoke(Unknown Source)
	at org.testng.internal.MethodInvocationHelper.invokeMethod(MethodInvocationHelper.java:85)
	at org.testng.internal.Invoker.invokeMethod(Invoker.java:639)
	at org.testng.internal.Invoker.invokeTestMethod(Invoker.java:816)
	at org.testng.internal.Invoker.invokeTestMethods(Invoker.java:1124)
	at org.testng.internal.TestMethodWorker.invokeTestMethods(TestMethodWorker.java:125)
	at org.testng.internal.TestMethodWorker.run(TestMethodWorker.java:108)
	at java.util.concurrent.ThreadPoolExecutor.runWorker(Unknown Source)
	at java.util.concurrent.ThreadPoolExecutor$Worker.run(Unknown Source)
	at java.lang.Thread.run(Unknown Source)
Caused by: org.apache.http.conn.HttpHostConnectException: Connect to 127.0.0.1:7055 [/127.0.0.1] failed: Connection refused: connect
	at org.apache.http.impl.conn.DefaultHttpClientConnectionOperator.connect(DefaultHttpClientConnectionOperator.java:151)
	at org.apache.http.impl.conn.PoolingHttpClientConnectionManager.connect(PoolingHttpClientConnectionManager.java:353)
	at org.apache.http.impl.execchain.MainClientExec.establishRoute(MainClientExec.java:380)
	at org.apache.http.impl.execchain.MainClientExec.execute(MainClientExec.java:236)
	at org.apache.http.impl.execchain.ProtocolExec.execute(ProtocolExec.java:184)
	at org.apache.http.impl.execchain.RetryExec.execute(RetryExec.java:88)
	at org.apache.http.impl.execchain.RedirectExec.execute(RedirectExec.java:110)
	at org.apache.http.impl.client.InternalHttpClient.doExecute(InternalHttpClient.java:184)
	at org.apache.http.impl.client.CloseableHttpClient.execute(CloseableHttpClient.java:71)
	at org.apache.http.impl.client.CloseableHttpClient.execute(CloseableHttpClient.java:55)
	at org.openqa.selenium.remote.internal.ApacheHttpClient.fallBackExecute(ApacheHttpClient.java:144)
	at org.openqa.selenium.remote.internal.ApacheHttpClient.execute(ApacheHttpClient.java:90)
	at org.openqa.selenium.remote.HttpCommandExecutor.execute(HttpCommandExecutor.java:142)
	at org.openqa.selenium.firefox.internal.NewProfileExtensionConnection.execute(NewProfileExtensionConnection.java:160)
	at org.openqa.selenium.firefox.FirefoxDriver$LazyCommandExecutor.execute(FirefoxDriver.java:380)
	at org.openqa.selenium.remote.RemoteWebDriver.execute(RemoteWebDriver.java:644)
	... 22 more
Caused by: java.net.ConnectException: Connection refused: connect
	at java.net.DualStackPlainSocketImpl.waitForConnect(Native Method)
	at java.net.DualStackPlainSocketImpl.socketConnect(Unknown Source)
	at java.net.AbstractPlainSocketImpl.doConnect(Unknown Source)
	at java.net.AbstractPlainSocketImpl.connectToAddress(Unknown Source)
	at java.net.AbstractPlainSocketImpl.connect(Unknown Source)
	at java.net.PlainSocketImpl.connect(Unknown Source)
	at java.net.SocksSocketImpl.connect(Unknown Source)
	at java.net.Socket.connect(Unknown Source)
	at org.apache.http.conn.socket.PlainConnectionSocketFactory.connectSocket(PlainConnectionSocketFactory.java:74)
	at org.apache.http.impl.conn.DefaultHttpClientConnectionOperator.connect(DefaultHttpClientConnectionOperator.java:134)
	... 37 more
]]>
            </full-stacktrace>
          </exception> <!-- org.openqa.selenium.remote.UnreachableBrowserException -->
          <reporter-output>
          </reporter-output>
        </test-method> <!-- VerifyCartPage -->
        <test-method status="PASS" signature="PostCondition()[pri:0, instance:com.flipkart_test.MobilePageTest@48eff760]" name="PostCondition" is-config="true" duration-ms="68" started-at="2018-11-29T20:55:54Z" finished-at="2018-11-29T20:55:54Z">
          <reporter-output>
          </reporter-output>
        </test-method> <!-- PostCondition -->
        <test-method status="PASS" signature="Precondition()[pri:0, instance:com.flipkart_test.MobilePageTest@48eff760]" name="Precondition" is-config="true" duration-ms="55081" started-at="2018-11-29T20:55:54Z" finished-at="2018-11-29T20:56:49Z">
          <reporter-output>
          </reporter-output>
        </test-method> <!-- Precondition -->
        <test-method status="FAIL" signature="PostCondition()[pri:0, instance:com.flipkart_test.MobilePageTest@48eff760]" name="PostCondition" is-config="true" duration-ms="0" started-at="2018-11-29T20:55:57Z" finished-at="2018-11-29T20:55:57Z">
          <exception class="org.openqa.selenium.remote.UnreachableBrowserException">
            <message>
              <![CDATA[Error communicating with the remote browser. It may have died.
Build info: version: '2.53.1', revision: 'a36b8b1', time: '2016-06-30 17:37:03'
System info: host: 'Lenovo', ip: '192.168.65.1', os.name: 'Windows 8.1', os.arch: 'amd64', os.version: '6.3', java.version: '1.8.0_74'
Driver info: driver.version: RemoteWebDriver
Capabilities [{applicationCacheEnabled=true, rotatable=false, handlesAlerts=true, databaseEnabled=true, version=47.0.2, platform=WINDOWS, nativeEvents=false, acceptSslCerts=true, webStorageEnabled=true, locationContextEnabled=true, browserName=firefox, takesScreenshot=true, javascriptEnabled=true, cssSelectorsEnabled=true}]
Session ID: 65e884ca-a9bd-4122-9d77-6a1375098c27]]>
            </message>
            <full-stacktrace>
              <![CDATA[org.openqa.selenium.remote.UnreachableBrowserException: Error communicating with the remote browser. It may have died.
Build info: version: '2.53.1', revision: 'a36b8b1', time: '2016-06-30 17:37:03'
System info: host: 'Lenovo', ip: '192.168.65.1', os.name: 'Windows 8.1', os.arch: 'amd64', os.version: '6.3', java.version: '1.8.0_74'
Driver info: driver.version: RemoteWebDriver
Capabilities [{applicationCacheEnabled=true, rotatable=false, handlesAlerts=true, databaseEnabled=true, version=47.0.2, platform=WINDOWS, nativeEvents=false, acceptSslCerts=true, webStorageEnabled=true, locationContextEnabled=true, browserName=firefox, takesScreenshot=true, javascriptEnabled=true, cssSelectorsEnabled=true}]
Session ID: 65e884ca-a9bd-4122-9d77-6a1375098c27
	at org.openqa.selenium.remote.RemoteWebDriver.execute(RemoteWebDriver.java:665)
	at org.openqa.selenium.remote.RemoteWebDriver.execute(RemoteWebDriver.java:701)
	at org.openqa.selenium.remote.RemoteWebDriver.close(RemoteWebDriver.java:521)
	at com.flipkart_super.SuperTestNG.PostCondition(SuperTestNG.java:24)
	at sun.reflect.NativeMethodAccessorImpl.invoke0(Native Method)
	at sun.reflect.NativeMethodAccessorImpl.invoke(Unknown Source)
	at sun.reflect.DelegatingMethodAccessorImpl.invoke(Unknown Source)
	at java.lang.reflect.Method.invoke(Unknown Source)
	at org.testng.internal.MethodInvocationHelper.invokeMethod(MethodInvocationHelper.java:85)
	at org.testng.internal.Invoker.invokeConfigurationMethod(Invoker.java:510)
	at org.testng.internal.Invoker.invokeConfigurations(Invoker.java:211)
	at org.testng.internal.Invoker.invokeMethod(Invoker.java:703)
	at org.testng.internal.Invoker.invokeTestMethod(Invoker.java:816)
	at org.testng.internal.Invoker.invokeTestMethods(Invoker.java:1124)
	at org.testng.internal.TestMethodWorker.invokeTestMethods(TestMethodWorker.java:125)
	at org.testng.internal.TestMethodWorker.run(TestMethodWorker.java:108)
	at java.util.concurrent.ThreadPoolExecutor.runWorker(Unknown Source)
	at java.util.concurrent.ThreadPoolExecutor$Worker.run(Unknown Source)
	at java.lang.Thread.run(Unknown Source)
Caused by: org.apache.http.conn.HttpHostConnectException: Connect to 127.0.0.1:7055 [/127.0.0.1] failed: Connection refused: connect
	at org.apache.http.impl.conn.DefaultHttpClientConnectionOperator.connect(DefaultHttpClientConnectionOperator.java:151)
	at org.apache.http.impl.conn.PoolingHttpClientConnectionManager.connect(PoolingHttpClientConnectionManager.java:353)
	at org.apache.http.impl.execchain.MainClientExec.establishRoute(MainClientExec.java:380)
	at org.apache.http.impl.execchain.MainClientExec.execute(MainClientExec.java:236)
	at org.apache.http.impl.execchain.ProtocolExec.execute(ProtocolExec.java:184)
	at org.apache.http.impl.execchain.RetryExec.execute(RetryExec.java:88)
	at org.apache.http.impl.execchain.RedirectExec.execute(RedirectExec.java:110)
	at org.apache.http.impl.client.InternalHttpClient.doExecute(InternalHttpClient.java:184)
	at org.apache.http.impl.client.CloseableHttpClient.execute(CloseableHttpClient.java:71)
	at org.apache.http.impl.client.CloseableHttpClient.execute(CloseableHttpClient.java:55)
	at org.openqa.selenium.remote.internal.ApacheHttpClient.fallBackExecute(ApacheHttpClient.java:144)
	at org.openqa.selenium.remote.internal.ApacheHttpClient.execute(ApacheHttpClient.java:90)
	at org.openqa.selenium.remote.HttpCommandExecutor.execute(HttpCommandExecutor.java:142)
	at org.openqa.selenium.firefox.internal.NewProfileExtensionConnection.execute(NewProfileExtensionConnection.java:160)
	at org.openqa.selenium.firefox.FirefoxDriver$LazyCommandExecutor.execute(FirefoxDriver.java:380)
	at org.openqa.selenium.remote.RemoteWebDriver.execute(RemoteWebDriver.java:644)
	... 18 more
Caused by: java.net.ConnectException: Connection refused: connect
	at java.net.DualStackPlainSocketImpl.waitForConnect(Native Method)
	at java.net.DualStackPlainSocketImpl.socketConnect(Unknown Source)
	at java.net.AbstractPlainSocketImpl.doConnect(Unknown Source)
	at java.net.AbstractPlainSocketImpl.connectToAddress(Unknown Source)
	at java.net.AbstractPlainSocketImpl.connect(Unknown Source)
	at java.net.PlainSocketImpl.connect(Unknown Source)
	at java.net.SocksSocketImpl.connect(Unknown Source)
	at java.net.Socket.connect(Unknown Source)
	at org.apache.http.conn.socket.PlainConnectionSocketFactory.connectSocket(PlainConnectionSocketFactory.java:74)
	at org.apache.http.impl.conn.DefaultHttpClientConnectionOperator.connect(DefaultHttpClientConnectionOperator.java:134)
	... 33 more
]]>
            </full-stacktrace>
          </exception> <!-- org.openqa.selenium.remote.UnreachableBrowserException -->
          <reporter-output>
          </reporter-output>
        </test-method> <!-- PostCondition -->
        <test-method status="FAIL" signature="PostCondition()[pri:0, instance:com.flipkart_test.MobilePageTest@48eff760]" name="PostCondition" is-config="true" duration-ms="0" started-at="2018-11-29T20:55:57Z" finished-at="2018-11-29T20:55:57Z">
          <exception class="org.openqa.selenium.remote.UnreachableBrowserException">
            <message>
              <![CDATA[Error communicating with the remote browser. It may have died.
Build info: version: '2.53.1', revision: 'a36b8b1', time: '2016-06-30 17:37:03'
System info: host: 'Lenovo', ip: '192.168.65.1', os.name: 'Windows 8.1', os.arch: 'amd64', os.version: '6.3', java.version: '1.8.0_74'
Driver info: driver.version: RemoteWebDriver
Capabilities [{applicationCacheEnabled=true, rotatable=false, handlesAlerts=true, databaseEnabled=true, version=47.0.2, platform=WINDOWS, nativeEvents=false, acceptSslCerts=true, webStorageEnabled=true, locationContextEnabled=true, browserName=firefox, takesScreenshot=true, javascriptEnabled=true, cssSelectorsEnabled=true}]
Session ID: 65e884ca-a9bd-4122-9d77-6a1375098c27]]>
            </message>
            <full-stacktrace>
              <![CDATA[org.openqa.selenium.remote.UnreachableBrowserException: Error communicating with the remote browser. It may have died.
Build info: version: '2.53.1', revision: 'a36b8b1', time: '2016-06-30 17:37:03'
System info: host: 'Lenovo', ip: '192.168.65.1', os.name: 'Windows 8.1', os.arch: 'amd64', os.version: '6.3', java.version: '1.8.0_74'
Driver info: driver.version: RemoteWebDriver
Capabilities [{applicationCacheEnabled=true, rotatable=false, handlesAlerts=true, databaseEnabled=true, version=47.0.2, platform=WINDOWS, nativeEvents=false, acceptSslCerts=true, webStorageEnabled=true, locationContextEnabled=true, browserName=firefox, takesScreenshot=true, javascriptEnabled=true, cssSelectorsEnabled=true}]
Session ID: 65e884ca-a9bd-4122-9d77-6a1375098c27
	at org.openqa.selenium.remote.RemoteWebDriver.execute(RemoteWebDriver.java:665)
	at org.openqa.selenium.remote.RemoteWebDriver.execute(RemoteWebDriver.java:701)
	at org.openqa.selenium.remote.RemoteWebDriver.close(RemoteWebDriver.java:521)
	at com.flipkart_super.SuperTestNG.PostCondition(SuperTestNG.java:24)
	at sun.reflect.NativeMethodAccessorImpl.invoke0(Native Method)
	at sun.reflect.NativeMethodAccessorImpl.invoke(Unknown Source)
	at sun.reflect.DelegatingMethodAccessorImpl.invoke(Unknown Source)
	at java.lang.reflect.Method.invoke(Unknown Source)
	at org.testng.internal.MethodInvocationHelper.invokeMethod(MethodInvocationHelper.java:85)
	at org.testng.internal.Invoker.invokeConfigurationMethod(Invoker.java:510)
	at org.testng.internal.Invoker.invokeConfigurations(Invoker.java:211)
	at org.testng.internal.Invoker.invokeMethod(Invoker.java:703)
	at org.testng.internal.Invoker.invokeTestMethod(Invoker.java:816)
	at org.testng.internal.Invoker.invokeTestMethods(Invoker.java:1124)
	at org.testng.internal.TestMethodWorker.invokeTestMethods(TestMethodWorker.java:125)
	at org.testng.internal.TestMethodWorker.run(TestMethodWorker.java:108)
	at java.util.concurrent.ThreadPoolExecutor.runWorker(Unknown Source)
	at java.util.concurrent.ThreadPoolExecutor$Worker.run(Unknown Source)
	at java.lang.Thread.run(Unknown Source)
Caused by: org.apache.http.conn.HttpHostConnectException: Connect to 127.0.0.1:7055 [/127.0.0.1] failed: Connection refused: connect
	at org.apache.http.impl.conn.DefaultHttpClientConnectionOperator.connect(DefaultHttpClientConnectionOperator.java:151)
	at org.apache.http.impl.conn.PoolingHttpClientConnectionManager.connect(PoolingHttpClientConnectionManager.java:353)
	at org.apache.http.impl.execchain.MainClientExec.establishRoute(MainClientExec.java:380)
	at org.apache.http.impl.execchain.MainClientExec.execute(MainClientExec.java:236)
	at org.apache.http.impl.execchain.ProtocolExec.execute(ProtocolExec.java:184)
	at org.apache.http.impl.execchain.RetryExec.execute(RetryExec.java:88)
	at org.apache.http.impl.execchain.RedirectExec.execute(RedirectExec.java:110)
	at org.apache.http.impl.client.InternalHttpClient.doExecute(InternalHttpClient.java:184)
	at org.apache.http.impl.client.CloseableHttpClient.execute(CloseableHttpClient.java:71)
	at org.apache.http.impl.client.CloseableHttpClient.execute(CloseableHttpClient.java:55)
	at org.openqa.selenium.remote.internal.ApacheHttpClient.fallBackExecute(ApacheHttpClient.java:144)
	at org.openqa.selenium.remote.internal.ApacheHttpClient.execute(ApacheHttpClient.java:90)
	at org.openqa.selenium.remote.HttpCommandExecutor.execute(HttpCommandExecutor.java:142)
	at org.openqa.selenium.firefox.internal.NewProfileExtensionConnection.execute(NewProfileExtensionConnection.java:160)
	at org.openqa.selenium.firefox.FirefoxDriver$LazyCommandExecutor.execute(FirefoxDriver.java:380)
	at org.openqa.selenium.remote.RemoteWebDriver.execute(RemoteWebDriver.java:644)
	... 18 more
Caused by: java.net.ConnectException: Connection refused: connect
	at java.net.DualStackPlainSocketImpl.waitForConnect(Native Method)
	at java.net.DualStackPlainSocketImpl.socketConnect(Unknown Source)
	at java.net.AbstractPlainSocketImpl.doConnect(Unknown Source)
	at java.net.AbstractPlainSocketImpl.connectToAddress(Unknown Source)
	at java.net.AbstractPlainSocketImpl.connect(Unknown Source)
	at java.net.PlainSocketImpl.connect(Unknown Source)
	at java.net.SocksSocketImpl.connect(Unknown Source)
	at java.net.Socket.connect(Unknown Source)
	at org.apache.http.conn.socket.PlainConnectionSocketFactory.connectSocket(PlainConnectionSocketFactory.java:74)
	at org.apache.http.impl.conn.DefaultHttpClientConnectionOperator.connect(DefaultHttpClientConnectionOperator.java:134)
	... 33 more
]]>
            </full-stacktrace>
          </exception> <!-- org.openqa.selenium.remote.UnreachableBrowserException -->
          <reporter-output>
          </reporter-output>
        </test-method> <!-- PostCondition -->
        <test-method status="SKIP" signature="Precondition()[pri:0, instance:com.flipkart_test.MobilePageTest@48eff760]" name="Precondition" is-config="true" duration-ms="0" started-at="2018-11-29T20:55:58Z" finished-at="2018-11-29T20:55:58Z">
          <reporter-output>
          </reporter-output>
        </test-method> <!-- Precondition -->
        <test-method status="SKIP" signature="VerifyBrandCheckbox()[pri:4, instance:com.flipkart_test.MobilePageTest@48eff760]" name="VerifyBrandCheckbox" duration-ms="6" started-at="2018-11-29T20:55:58Z" finished-at="2018-11-29T20:55:58Z">
          <reporter-output>
          </reporter-output>
        </test-method> <!-- VerifyBrandCheckbox -->
        <test-method status="SKIP" signature="Precondition()[pri:0, instance:com.flipkart_test.MobilePageTest@48eff760]" name="Precondition" is-config="true" duration-ms="0" started-at="2018-11-29T20:55:58Z" finished-at="2018-11-29T20:55:58Z">
          <reporter-output>
          </reporter-output>
        </test-method> <!-- Precondition -->
        <test-method status="SKIP" signature="VerifyFilteredMotoList()[pri:5, instance:com.flipkart_test.MobilePageTest@48eff760]" name="VerifyFilteredMotoList" duration-ms="5" started-at="2018-11-29T20:55:58Z" finished-at="2018-11-29T20:55:58Z">
          <reporter-output>
          </reporter-output>
        </test-method> <!-- VerifyFilteredMotoList -->
        <test-method status="SKIP" signature="PostCondition()[pri:0, instance:com.flipkart_test.MobilePageTest@48eff760]" name="PostCondition" is-config="true" duration-ms="0" started-at="2018-11-29T20:55:58Z" finished-at="2018-11-29T20:55:58Z">
          <reporter-output>
          </reporter-output>
        </test-method> <!-- PostCondition -->
        <test-method status="SKIP" signature="PostCondition()[pri:0, instance:com.flipkart_test.MobilePageTest@48eff760]" name="PostCondition" is-config="true" duration-ms="0" started-at="2018-11-29T20:55:58Z" finished-at="2018-11-29T20:55:58Z">
          <reporter-output>
          </reporter-output>
        </test-method> <!-- PostCondition -->
        <test-method status="SKIP" signature="PostCondition()[pri:0, instance:com.flipkart_test.MobilePageTest@48eff760]" name="PostCondition" is-config="true" duration-ms="0" started-at="2018-11-29T20:56:08Z" finished-at="2018-11-29T20:56:08Z">
          <reporter-output>
          </reporter-output>
        </test-method> <!-- PostCondition -->
        <test-method status="SKIP" signature="VerifyMobilePageBySearch()[pri:2, instance:com.flipkart_test.MobilePageTest@48eff760]" name="VerifyMobilePageBySearch" duration-ms="3" started-at="2018-11-29T20:56:19Z" finished-at="2018-11-29T20:56:19Z">
          <reporter-output>
          </reporter-output>
        </test-method> <!-- VerifyMobilePageBySearch -->
        <test-method status="SKIP" signature="PostCondition()[pri:0, instance:com.flipkart_test.MobilePageTest@48eff760]" name="PostCondition" is-config="true" duration-ms="0" started-at="2018-11-29T20:56:19Z" finished-at="2018-11-29T20:56:19Z">
          <reporter-output>
          </reporter-output>
        </test-method> <!-- PostCondition -->
        <test-method status="SKIP" signature="getFilteredItems()[pri:3, instance:com.flipkart_test.MobilePageTest@48eff760]" name="getFilteredItems" duration-ms="5" started-at="2018-11-29T20:56:49Z" finished-at="2018-11-29T20:56:49Z">
          <reporter-output>
          </reporter-output>
        </test-method> <!-- getFilteredItems -->
        <test-method status="SKIP" signature="PostCondition()[pri:0, instance:com.flipkart_test.MobilePageTest@48eff760]" name="PostCondition" is-config="true" duration-ms="0" started-at="2018-11-29T20:56:49Z" finished-at="2018-11-29T20:56:49Z">
          <reporter-output>
          </reporter-output>
        </test-method> <!-- PostCondition -->
      </class> <!-- com.flipkart_test.MobilePageTest -->
      <class name="com.flipkart_test.FlipkartLogin">
        <test-method status="PASS" signature="Precondition()[pri:0, instance:com.flipkart_test.FlipkartLogin@402f32ff]" name="Precondition" is-config="true" duration-ms="27264" started-at="2018-11-29T20:54:29Z" finished-at="2018-11-29T20:54:56Z">
          <reporter-output>
          </reporter-output>
        </test-method> <!-- Precondition -->
        <test-method status="PASS" signature="LoginTest()[pri:1, instance:com.flipkart_test.FlipkartLogin@402f32ff]" name="LoginTest" duration-ms="17568" started-at="2018-11-29T20:54:56Z" finished-at="2018-11-29T20:55:14Z">
          <reporter-output>
          </reporter-output>
        </test-method> <!-- LoginTest -->
        <test-method status="PASS" signature="PostCondition()[pri:0, instance:com.flipkart_test.FlipkartLogin@402f32ff]" name="PostCondition" is-config="true" duration-ms="24" started-at="2018-11-29T20:55:14Z" finished-at="2018-11-29T20:55:14Z">
          <reporter-output>
          </reporter-output>
        </test-method> <!-- PostCondition -->
      </class> <!-- com.flipkart_test.FlipkartLogin -->
    </test> <!-- Test1 -->
    <test name="Test2" duration-ms="246034" started-at="2018-11-29T15:26:49Z" finished-at="2018-11-29T15:30:55Z">
      <class name="com.flipkart_test.MobilePageTest">
        <test-method status="PASS" signature="Precondition()[pri:0, instance:com.flipkart_test.MobilePageTest@9629756]" name="Precondition" is-config="true" duration-ms="114330" started-at="2018-11-29T20:56:49Z" finished-at="2018-11-29T20:58:44Z">
          <reporter-output>
          </reporter-output>
        </test-method> <!-- Precondition -->
        <test-method status="PASS" signature="Precondition()[pri:0, instance:com.flipkart_test.MobilePageTest@9629756]" name="Precondition" is-config="true" duration-ms="30722" started-at="2018-11-29T20:56:49Z" finished-at="2018-11-29T20:57:20Z">
          <reporter-output>
          </reporter-output>
        </test-method> <!-- Precondition -->
        <test-method status="PASS" signature="Precondition()[pri:0, instance:com.flipkart_test.MobilePageTest@9629756]" name="Precondition" is-config="true" duration-ms="149780" started-at="2018-11-29T20:56:49Z" finished-at="2018-11-29T20:59:19Z">
          <reporter-output>
          </reporter-output>
        </test-method> <!-- Precondition -->
        <test-method status="PASS" signature="Precondition()[pri:0, instance:com.flipkart_test.MobilePageTest@9629756]" name="Precondition" is-config="true" duration-ms="79910" started-at="2018-11-29T20:56:49Z" finished-at="2018-11-29T20:58:09Z">
          <reporter-output>
          </reporter-output>
        </test-method> <!-- Precondition -->
        <test-method status="PASS" signature="VerifyDetailsAreOnOpenOnNewTab()[pri:0, instance:com.flipkart_test.MobilePageTest@9629756]" name="VerifyDetailsAreOnOpenOnNewTab" duration-ms="59596" started-at="2018-11-29T20:57:20Z" finished-at="2018-11-29T20:58:20Z">
          <reporter-output>
          </reporter-output>
        </test-method> <!-- VerifyDetailsAreOnOpenOnNewTab -->
        <test-method status="FAIL" signature="VerifyOtherBrandWith4GB()[pri:0, instance:com.flipkart_test.MobilePageTest@9629756]" name="VerifyOtherBrandWith4GB" duration-ms="13024" started-at="2018-11-29T20:58:09Z" finished-at="2018-11-29T20:58:22Z">
          <exception class="org.openqa.selenium.remote.UnreachableBrowserException">
            <message>
              <![CDATA[Error communicating with the remote browser. It may have died.
Build info: version: '2.53.1', revision: 'a36b8b1', time: '2016-06-30 17:37:03'
System info: host: 'Lenovo', ip: '192.168.65.1', os.name: 'Windows 8.1', os.arch: 'amd64', os.version: '6.3', java.version: '1.8.0_74'
Driver info: driver.version: RemoteWebDriver
Capabilities [{applicationCacheEnabled=true, rotatable=false, handlesAlerts=true, databaseEnabled=true, version=47.0.2, platform=WINDOWS, nativeEvents=false, acceptSslCerts=true, webStorageEnabled=true, locationContextEnabled=true, browserName=firefox, takesScreenshot=true, javascriptEnabled=true, cssSelectorsEnabled=true}]
Session ID: 823f2dab-c6af-4130-ac29-946587033608]]>
            </message>
            <full-stacktrace>
              <![CDATA[org.openqa.selenium.remote.UnreachableBrowserException: Error communicating with the remote browser. It may have died.
Build info: version: '2.53.1', revision: 'a36b8b1', time: '2016-06-30 17:37:03'
System info: host: 'Lenovo', ip: '192.168.65.1', os.name: 'Windows 8.1', os.arch: 'amd64', os.version: '6.3', java.version: '1.8.0_74'
Driver info: driver.version: RemoteWebDriver
Capabilities [{applicationCacheEnabled=true, rotatable=false, handlesAlerts=true, databaseEnabled=true, version=47.0.2, platform=WINDOWS, nativeEvents=false, acceptSslCerts=true, webStorageEnabled=true, locationContextEnabled=true, browserName=firefox, takesScreenshot=true, javascriptEnabled=true, cssSelectorsEnabled=true}]
Session ID: 823f2dab-c6af-4130-ac29-946587033608
	at org.openqa.selenium.remote.RemoteWebDriver.execute(RemoteWebDriver.java:665)
	at org.openqa.selenium.remote.RemoteWebDriver.findElement(RemoteWebDriver.java:363)
	at org.openqa.selenium.remote.RemoteWebDriver.findElementByXPath(RemoteWebDriver.java:500)
	at org.openqa.selenium.By$ByXPath.findElement(By.java:361)
	at org.openqa.selenium.remote.RemoteWebDriver.findElement(RemoteWebDriver.java:355)
	at org.openqa.selenium.support.pagefactory.DefaultElementLocator.findElement(DefaultElementLocator.java:69)
	at org.openqa.selenium.support.pagefactory.internal.LocatingElementHandler.invoke(LocatingElementHandler.java:38)
	at com.sun.proxy.$Proxy7.isEnabled(Unknown Source)
	at com.flipkart_pom.HomePage.ClickOnMobile(HomePage.java:59)
	at com.flipkart_test.MobilePageTest.VerifyOtherBrandWith4GB(MobilePageTest.java:104)
	at sun.reflect.NativeMethodAccessorImpl.invoke0(Native Method)
	at sun.reflect.NativeMethodAccessorImpl.invoke(Unknown Source)
	at sun.reflect.DelegatingMethodAccessorImpl.invoke(Unknown Source)
	at java.lang.reflect.Method.invoke(Unknown Source)
	at org.testng.internal.MethodInvocationHelper.invokeMethod(MethodInvocationHelper.java:85)
	at org.testng.internal.Invoker.invokeMethod(Invoker.java:639)
	at org.testng.internal.Invoker.invokeTestMethod(Invoker.java:816)
	at org.testng.internal.Invoker.invokeTestMethods(Invoker.java:1124)
	at org.testng.internal.TestMethodWorker.invokeTestMethods(TestMethodWorker.java:125)
	at org.testng.internal.TestMethodWorker.run(TestMethodWorker.java:108)
	at java.util.concurrent.ThreadPoolExecutor.runWorker(Unknown Source)
	at java.util.concurrent.ThreadPoolExecutor$Worker.run(Unknown Source)
	at java.lang.Thread.run(Unknown Source)
Caused by: org.apache.http.conn.HttpHostConnectException: Connect to 127.0.0.1:7062 [/127.0.0.1] failed: Connection refused: connect
	at org.apache.http.impl.conn.DefaultHttpClientConnectionOperator.connect(DefaultHttpClientConnectionOperator.java:151)
	at org.apache.http.impl.conn.PoolingHttpClientConnectionManager.connect(PoolingHttpClientConnectionManager.java:353)
	at org.apache.http.impl.execchain.MainClientExec.establishRoute(MainClientExec.java:380)
	at org.apache.http.impl.execchain.MainClientExec.execute(MainClientExec.java:236)
	at org.apache.http.impl.execchain.ProtocolExec.execute(ProtocolExec.java:184)
	at org.apache.http.impl.execchain.RetryExec.execute(RetryExec.java:88)
	at org.apache.http.impl.execchain.RedirectExec.execute(RedirectExec.java:110)
	at org.apache.http.impl.client.InternalHttpClient.doExecute(InternalHttpClient.java:184)
	at org.apache.http.impl.client.CloseableHttpClient.execute(CloseableHttpClient.java:71)
	at org.apache.http.impl.client.CloseableHttpClient.execute(CloseableHttpClient.java:55)
	at org.openqa.selenium.remote.internal.ApacheHttpClient.fallBackExecute(ApacheHttpClient.java:144)
	at org.openqa.selenium.remote.internal.ApacheHttpClient.execute(ApacheHttpClient.java:90)
	at org.openqa.selenium.remote.HttpCommandExecutor.execute(HttpCommandExecutor.java:142)
	at org.openqa.selenium.firefox.internal.NewProfileExtensionConnection.execute(NewProfileExtensionConnection.java:160)
	at org.openqa.selenium.firefox.FirefoxDriver$LazyCommandExecutor.execute(FirefoxDriver.java:380)
	at org.openqa.selenium.remote.RemoteWebDriver.execute(RemoteWebDriver.java:644)
	... 22 more
Caused by: java.net.ConnectException: Connection refused: connect
	at java.net.DualStackPlainSocketImpl.waitForConnect(Native Method)
	at java.net.DualStackPlainSocketImpl.socketConnect(Unknown Source)
	at java.net.AbstractPlainSocketImpl.doConnect(Unknown Source)
	at java.net.AbstractPlainSocketImpl.connectToAddress(Unknown Source)
	at java.net.AbstractPlainSocketImpl.connect(Unknown Source)
	at java.net.PlainSocketImpl.connect(Unknown Source)
	at java.net.SocksSocketImpl.connect(Unknown Source)
	at java.net.Socket.connect(Unknown Source)
	at org.apache.http.conn.socket.PlainConnectionSocketFactory.connectSocket(PlainConnectionSocketFactory.java:74)
	at org.apache.http.impl.conn.DefaultHttpClientConnectionOperator.connect(DefaultHttpClientConnectionOperator.java:134)
	... 37 more
]]>
            </full-stacktrace>
          </exception> <!-- org.openqa.selenium.remote.UnreachableBrowserException -->
          <reporter-output>
          </reporter-output>
        </test-method> <!-- VerifyOtherBrandWith4GB -->
        <test-method status="PASS" signature="Precondition()[pri:0, instance:com.flipkart_test.MobilePageTest@9629756]" name="Precondition" is-config="true" duration-ms="105626" started-at="2018-11-29T20:58:18Z" finished-at="2018-11-29T21:00:04Z">
          <reporter-output>
          </reporter-output>
        </test-method> <!-- Precondition -->
        <test-method status="PASS" signature="PostCondition()[pri:0, instance:com.flipkart_test.MobilePageTest@9629756]" name="PostCondition" is-config="true" duration-ms="37" started-at="2018-11-29T20:58:20Z" finished-at="2018-11-29T20:58:20Z">
          <reporter-output>
          </reporter-output>
        </test-method> <!-- PostCondition -->
        <test-method status="PASS" signature="Precondition()[pri:0, instance:com.flipkart_test.MobilePageTest@9629756]" name="Precondition" is-config="true" duration-ms="82583" started-at="2018-11-29T20:58:20Z" finished-at="2018-11-29T20:59:42Z">
          <reporter-output>
          </reporter-output>
        </test-method> <!-- Precondition -->
        <test-method status="PASS" signature="PostCondition()[pri:0, instance:com.flipkart_test.MobilePageTest@9629756]" name="PostCondition" is-config="true" duration-ms="21353" started-at="2018-11-29T20:58:22Z" finished-at="2018-11-29T20:58:44Z">
          <reporter-output>
          </reporter-output>
        </test-method> <!-- PostCondition -->
        <test-method status="FAIL" signature="VerifyCartPage()[pri:0, instance:com.flipkart_test.MobilePageTest@9629756]" name="VerifyCartPage" duration-ms="18791" started-at="2018-11-29T20:58:44Z" finished-at="2018-11-29T20:59:02Z">
          <exception class="org.openqa.selenium.remote.UnreachableBrowserException">
            <message>
              <![CDATA[Error communicating with the remote browser. It may have died.
Build info: version: '2.53.1', revision: 'a36b8b1', time: '2016-06-30 17:37:03'
System info: host: 'Lenovo', ip: '192.168.65.1', os.name: 'Windows 8.1', os.arch: 'amd64', os.version: '6.3', java.version: '1.8.0_74'
Driver info: driver.version: RemoteWebDriver
Capabilities [{applicationCacheEnabled=true, rotatable=false, handlesAlerts=true, databaseEnabled=true, version=47.0.2, platform=WINDOWS, nativeEvents=false, acceptSslCerts=true, webStorageEnabled=true, locationContextEnabled=true, browserName=firefox, takesScreenshot=true, javascriptEnabled=true, cssSelectorsEnabled=true}]
Session ID: b39616c6-b66f-43d4-838b-aea32dd325e1]]>
            </message>
            <full-stacktrace>
              <![CDATA[org.openqa.selenium.remote.UnreachableBrowserException: Error communicating with the remote browser. It may have died.
Build info: version: '2.53.1', revision: 'a36b8b1', time: '2016-06-30 17:37:03'
System info: host: 'Lenovo', ip: '192.168.65.1', os.name: 'Windows 8.1', os.arch: 'amd64', os.version: '6.3', java.version: '1.8.0_74'
Driver info: driver.version: RemoteWebDriver
Capabilities [{applicationCacheEnabled=true, rotatable=false, handlesAlerts=true, databaseEnabled=true, version=47.0.2, platform=WINDOWS, nativeEvents=false, acceptSslCerts=true, webStorageEnabled=true, locationContextEnabled=true, browserName=firefox, takesScreenshot=true, javascriptEnabled=true, cssSelectorsEnabled=true}]
Session ID: b39616c6-b66f-43d4-838b-aea32dd325e1
	at org.openqa.selenium.remote.RemoteWebDriver.execute(RemoteWebDriver.java:665)
	at org.openqa.selenium.remote.RemoteWebDriver.findElement(RemoteWebDriver.java:363)
	at org.openqa.selenium.remote.RemoteWebDriver.findElementByXPath(RemoteWebDriver.java:500)
	at org.openqa.selenium.By$ByXPath.findElement(By.java:361)
	at org.openqa.selenium.remote.RemoteWebDriver.findElement(RemoteWebDriver.java:355)
	at org.openqa.selenium.support.pagefactory.DefaultElementLocator.findElement(DefaultElementLocator.java:69)
	at org.openqa.selenium.support.pagefactory.internal.LocatingElementHandler.invoke(LocatingElementHandler.java:38)
	at com.sun.proxy.$Proxy7.sendKeys(Unknown Source)
	at com.flipkart_pom.HomePage.SearchMobiles(HomePage.java:79)
	at com.flipkart_test.MobilePageTest.VerifyCartPage(MobilePageTest.java:129)
	at sun.reflect.NativeMethodAccessorImpl.invoke0(Native Method)
	at sun.reflect.NativeMethodAccessorImpl.invoke(Unknown Source)
	at sun.reflect.DelegatingMethodAccessorImpl.invoke(Unknown Source)
	at java.lang.reflect.Method.invoke(Unknown Source)
	at org.testng.internal.MethodInvocationHelper.invokeMethod(MethodInvocationHelper.java:85)
	at org.testng.internal.Invoker.invokeMethod(Invoker.java:639)
	at org.testng.internal.Invoker.invokeTestMethod(Invoker.java:816)
	at org.testng.internal.Invoker.invokeTestMethods(Invoker.java:1124)
	at org.testng.internal.TestMethodWorker.invokeTestMethods(TestMethodWorker.java:125)
	at org.testng.internal.TestMethodWorker.run(TestMethodWorker.java:108)
	at java.util.concurrent.ThreadPoolExecutor.runWorker(Unknown Source)
	at java.util.concurrent.ThreadPoolExecutor$Worker.run(Unknown Source)
	at java.lang.Thread.run(Unknown Source)
Caused by: org.apache.http.conn.HttpHostConnectException: Connect to 127.0.0.1:7063 [/127.0.0.1] failed: Connection refused: connect
	at org.apache.http.impl.conn.DefaultHttpClientConnectionOperator.connect(DefaultHttpClientConnectionOperator.java:151)
	at org.apache.http.impl.conn.PoolingHttpClientConnectionManager.connect(PoolingHttpClientConnectionManager.java:353)
	at org.apache.http.impl.execchain.MainClientExec.establishRoute(MainClientExec.java:380)
	at org.apache.http.impl.execchain.MainClientExec.execute(MainClientExec.java:236)
	at org.apache.http.impl.execchain.ProtocolExec.execute(ProtocolExec.java:184)
	at org.apache.http.impl.execchain.RetryExec.execute(RetryExec.java:88)
	at org.apache.http.impl.execchain.RedirectExec.execute(RedirectExec.java:110)
	at org.apache.http.impl.client.InternalHttpClient.doExecute(InternalHttpClient.java:184)
	at org.apache.http.impl.client.CloseableHttpClient.execute(CloseableHttpClient.java:71)
	at org.apache.http.impl.client.CloseableHttpClient.execute(CloseableHttpClient.java:55)
	at org.openqa.selenium.remote.internal.ApacheHttpClient.fallBackExecute(ApacheHttpClient.java:144)
	at org.openqa.selenium.remote.internal.ApacheHttpClient.execute(ApacheHttpClient.java:90)
	at org.openqa.selenium.remote.HttpCommandExecutor.execute(HttpCommandExecutor.java:142)
	at org.openqa.selenium.firefox.internal.NewProfileExtensionConnection.execute(NewProfileExtensionConnection.java:160)
	at org.openqa.selenium.firefox.FirefoxDriver$LazyCommandExecutor.execute(FirefoxDriver.java:380)
	at org.openqa.selenium.remote.RemoteWebDriver.execute(RemoteWebDriver.java:644)
	... 22 more
Caused by: java.net.ConnectException: Connection refused: connect
	at java.net.DualStackPlainSocketImpl.waitForConnect(Native Method)
	at java.net.DualStackPlainSocketImpl.socketConnect(Unknown Source)
	at java.net.AbstractPlainSocketImpl.doConnect(Unknown Source)
	at java.net.AbstractPlainSocketImpl.connectToAddress(Unknown Source)
	at java.net.AbstractPlainSocketImpl.connect(Unknown Source)
	at java.net.PlainSocketImpl.connect(Unknown Source)
	at java.net.SocksSocketImpl.connect(Unknown Source)
	at java.net.Socket.connect(Unknown Source)
	at org.apache.http.conn.socket.PlainConnectionSocketFactory.connectSocket(PlainConnectionSocketFactory.java:74)
	at org.apache.http.impl.conn.DefaultHttpClientConnectionOperator.connect(DefaultHttpClientConnectionOperator.java:134)
	... 37 more
]]>
            </full-stacktrace>
          </exception> <!-- org.openqa.selenium.remote.UnreachableBrowserException -->
          <reporter-output>
          </reporter-output>
        </test-method> <!-- VerifyCartPage -->
        <test-method status="PASS" signature="Precondition()[pri:0, instance:com.flipkart_test.MobilePageTest@9629756]" name="Precondition" is-config="true" duration-ms="131664" started-at="2018-11-29T20:58:44Z" finished-at="2018-11-29T21:00:55Z">
          <reporter-output>
          </reporter-output>
        </test-method> <!-- Precondition -->
        <test-method status="FAIL" signature="PostCondition()[pri:0, instance:com.flipkart_test.MobilePageTest@9629756]" name="PostCondition" is-config="true" duration-ms="0" started-at="2018-11-29T20:59:02Z" finished-at="2018-11-29T20:59:02Z">
          <exception class="org.openqa.selenium.remote.UnreachableBrowserException">
            <message>
              <![CDATA[Error communicating with the remote browser. It may have died.
Build info: version: '2.53.1', revision: 'a36b8b1', time: '2016-06-30 17:37:03'
System info: host: 'Lenovo', ip: '192.168.65.1', os.name: 'Windows 8.1', os.arch: 'amd64', os.version: '6.3', java.version: '1.8.0_74'
Driver info: driver.version: RemoteWebDriver
Capabilities [{applicationCacheEnabled=true, rotatable=false, handlesAlerts=true, databaseEnabled=true, version=47.0.2, platform=WINDOWS, nativeEvents=false, acceptSslCerts=true, webStorageEnabled=true, locationContextEnabled=true, browserName=firefox, takesScreenshot=true, javascriptEnabled=true, cssSelectorsEnabled=true}]
Session ID: b39616c6-b66f-43d4-838b-aea32dd325e1]]>
            </message>
            <full-stacktrace>
              <![CDATA[org.openqa.selenium.remote.UnreachableBrowserException: Error communicating with the remote browser. It may have died.
Build info: version: '2.53.1', revision: 'a36b8b1', time: '2016-06-30 17:37:03'
System info: host: 'Lenovo', ip: '192.168.65.1', os.name: 'Windows 8.1', os.arch: 'amd64', os.version: '6.3', java.version: '1.8.0_74'
Driver info: driver.version: RemoteWebDriver
Capabilities [{applicationCacheEnabled=true, rotatable=false, handlesAlerts=true, databaseEnabled=true, version=47.0.2, platform=WINDOWS, nativeEvents=false, acceptSslCerts=true, webStorageEnabled=true, locationContextEnabled=true, browserName=firefox, takesScreenshot=true, javascriptEnabled=true, cssSelectorsEnabled=true}]
Session ID: b39616c6-b66f-43d4-838b-aea32dd325e1
	at org.openqa.selenium.remote.RemoteWebDriver.execute(RemoteWebDriver.java:665)
	at org.openqa.selenium.remote.RemoteWebDriver.execute(RemoteWebDriver.java:701)
	at org.openqa.selenium.remote.RemoteWebDriver.close(RemoteWebDriver.java:521)
	at com.flipkart_super.SuperTestNG.PostCondition(SuperTestNG.java:24)
	at sun.reflect.NativeMethodAccessorImpl.invoke0(Native Method)
	at sun.reflect.NativeMethodAccessorImpl.invoke(Unknown Source)
	at sun.reflect.DelegatingMethodAccessorImpl.invoke(Unknown Source)
	at java.lang.reflect.Method.invoke(Unknown Source)
	at org.testng.internal.MethodInvocationHelper.invokeMethod(MethodInvocationHelper.java:85)
	at org.testng.internal.Invoker.invokeConfigurationMethod(Invoker.java:510)
	at org.testng.internal.Invoker.invokeConfigurations(Invoker.java:211)
	at org.testng.internal.Invoker.invokeMethod(Invoker.java:703)
	at org.testng.internal.Invoker.invokeTestMethod(Invoker.java:816)
	at org.testng.internal.Invoker.invokeTestMethods(Invoker.java:1124)
	at org.testng.internal.TestMethodWorker.invokeTestMethods(TestMethodWorker.java:125)
	at org.testng.internal.TestMethodWorker.run(TestMethodWorker.java:108)
	at java.util.concurrent.ThreadPoolExecutor.runWorker(Unknown Source)
	at java.util.concurrent.ThreadPoolExecutor$Worker.run(Unknown Source)
	at java.lang.Thread.run(Unknown Source)
Caused by: org.apache.http.conn.HttpHostConnectException: Connect to 127.0.0.1:7063 [/127.0.0.1] failed: Connection refused: connect
	at org.apache.http.impl.conn.DefaultHttpClientConnectionOperator.connect(DefaultHttpClientConnectionOperator.java:151)
	at org.apache.http.impl.conn.PoolingHttpClientConnectionManager.connect(PoolingHttpClientConnectionManager.java:353)
	at org.apache.http.impl.execchain.MainClientExec.establishRoute(MainClientExec.java:380)
	at org.apache.http.impl.execchain.MainClientExec.execute(MainClientExec.java:236)
	at org.apache.http.impl.execchain.ProtocolExec.execute(ProtocolExec.java:184)
	at org.apache.http.impl.execchain.RetryExec.execute(RetryExec.java:88)
	at org.apache.http.impl.execchain.RedirectExec.execute(RedirectExec.java:110)
	at org.apache.http.impl.client.InternalHttpClient.doExecute(InternalHttpClient.java:184)
	at org.apache.http.impl.client.CloseableHttpClient.execute(CloseableHttpClient.java:71)
	at org.apache.http.impl.client.CloseableHttpClient.execute(CloseableHttpClient.java:55)
	at org.openqa.selenium.remote.internal.ApacheHttpClient.fallBackExecute(ApacheHttpClient.java:144)
	at org.openqa.selenium.remote.internal.ApacheHttpClient.execute(ApacheHttpClient.java:90)
	at org.openqa.selenium.remote.HttpCommandExecutor.execute(HttpCommandExecutor.java:142)
	at org.openqa.selenium.firefox.internal.NewProfileExtensionConnection.execute(NewProfileExtensionConnection.java:160)
	at org.openqa.selenium.firefox.FirefoxDriver$LazyCommandExecutor.execute(FirefoxDriver.java:380)
	at org.openqa.selenium.remote.RemoteWebDriver.execute(RemoteWebDriver.java:644)
	... 18 more
Caused by: java.net.ConnectException: Connection refused: connect
	at java.net.DualStackPlainSocketImpl.waitForConnect(Native Method)
	at java.net.DualStackPlainSocketImpl.socketConnect(Unknown Source)
	at java.net.AbstractPlainSocketImpl.doConnect(Unknown Source)
	at java.net.AbstractPlainSocketImpl.connectToAddress(Unknown Source)
	at java.net.AbstractPlainSocketImpl.connect(Unknown Source)
	at java.net.PlainSocketImpl.connect(Unknown Source)
	at java.net.SocksSocketImpl.connect(Unknown Source)
	at java.net.Socket.connect(Unknown Source)
	at org.apache.http.conn.socket.PlainConnectionSocketFactory.connectSocket(PlainConnectionSocketFactory.java:74)
	at org.apache.http.impl.conn.DefaultHttpClientConnectionOperator.connect(DefaultHttpClientConnectionOperator.java:134)
	... 33 more
]]>
            </full-stacktrace>
          </exception> <!-- org.openqa.selenium.remote.UnreachableBrowserException -->
          <reporter-output>
          </reporter-output>
        </test-method> <!-- PostCondition -->
        <test-method status="SKIP" signature="Precondition()[pri:0, instance:com.flipkart_test.MobilePageTest@9629756]" name="Precondition" is-config="true" duration-ms="0" started-at="2018-11-29T20:59:03Z" finished-at="2018-11-29T20:59:03Z">
          <reporter-output>
          </reporter-output>
        </test-method> <!-- Precondition -->
        <test-method status="SKIP" signature="VerifyFilteredMotoList()[pri:5, instance:com.flipkart_test.MobilePageTest@9629756]" name="VerifyFilteredMotoList" duration-ms="3" started-at="2018-11-29T20:59:03Z" finished-at="2018-11-29T20:59:03Z">
          <reporter-output>
          </reporter-output>
        </test-method> <!-- VerifyFilteredMotoList -->
        <test-method status="SKIP" signature="PostCondition()[pri:0, instance:com.flipkart_test.MobilePageTest@9629756]" name="PostCondition" is-config="true" duration-ms="0" started-at="2018-11-29T20:59:03Z" finished-at="2018-11-29T20:59:03Z">
          <reporter-output>
          </reporter-output>
        </test-method> <!-- PostCondition -->
        <test-method status="SKIP" signature="ClickOnMobilePage()[pri:1, instance:com.flipkart_test.MobilePageTest@9629756]" name="ClickOnMobilePage" duration-ms="2" started-at="2018-11-29T20:59:19Z" finished-at="2018-11-29T20:59:19Z">
          <reporter-output>
          </reporter-output>
        </test-method> <!-- ClickOnMobilePage -->
        <test-method status="SKIP" signature="PostCondition()[pri:0, instance:com.flipkart_test.MobilePageTest@9629756]" name="PostCondition" is-config="true" duration-ms="0" started-at="2018-11-29T20:59:19Z" finished-at="2018-11-29T20:59:19Z">
          <reporter-output>
          </reporter-output>
        </test-method> <!-- PostCondition -->
        <test-method status="SKIP" signature="getFilteredItems()[pri:3, instance:com.flipkart_test.MobilePageTest@9629756]" name="getFilteredItems" duration-ms="3" started-at="2018-11-29T20:59:42Z" finished-at="2018-11-29T20:59:42Z">
          <reporter-output>
          </reporter-output>
        </test-method> <!-- getFilteredItems -->
        <test-method status="SKIP" signature="PostCondition()[pri:0, instance:com.flipkart_test.MobilePageTest@9629756]" name="PostCondition" is-config="true" duration-ms="0" started-at="2018-11-29T20:59:42Z" finished-at="2018-11-29T20:59:42Z">
          <reporter-output>
          </reporter-output>
        </test-method> <!-- PostCondition -->
        <test-method status="SKIP" signature="VerifyMobilePageBySearch()[pri:2, instance:com.flipkart_test.MobilePageTest@9629756]" name="VerifyMobilePageBySearch" duration-ms="3" started-at="2018-11-29T21:00:04Z" finished-at="2018-11-29T21:00:04Z">
          <reporter-output>
          </reporter-output>
        </test-method> <!-- VerifyMobilePageBySearch -->
        <test-method status="SKIP" signature="PostCondition()[pri:0, instance:com.flipkart_test.MobilePageTest@9629756]" name="PostCondition" is-config="true" duration-ms="0" started-at="2018-11-29T21:00:04Z" finished-at="2018-11-29T21:00:04Z">
          <reporter-output>
          </reporter-output>
        </test-method> <!-- PostCondition -->
        <test-method status="SKIP" signature="VerifyBrandCheckbox()[pri:4, instance:com.flipkart_test.MobilePageTest@9629756]" name="VerifyBrandCheckbox" duration-ms="4" started-at="2018-11-29T21:00:55Z" finished-at="2018-11-29T21:00:55Z">
          <reporter-output>
          </reporter-output>
        </test-method> <!-- VerifyBrandCheckbox -->
        <test-method status="SKIP" signature="PostCondition()[pri:0, instance:com.flipkart_test.MobilePageTest@9629756]" name="PostCondition" is-config="true" duration-ms="0" started-at="2018-11-29T21:00:55Z" finished-at="2018-11-29T21:00:55Z">
          <reporter-output>
          </reporter-output>
        </test-method> <!-- PostCondition -->
      </class> <!-- com.flipkart_test.MobilePageTest -->
      <class name="com.flipkart_test.FlipkartLogin">
        <test-method status="PASS" signature="Precondition()[pri:0, instance:com.flipkart_test.FlipkartLogin@62ee68d8]" name="Precondition" is-config="true" duration-ms="59328" started-at="2018-11-29T20:56:49Z" finished-at="2018-11-29T20:57:49Z">
          <reporter-output>
          </reporter-output>
        </test-method> <!-- Precondition -->
        <test-method status="PASS" signature="LoginTest()[pri:1, instance:com.flipkart_test.FlipkartLogin@62ee68d8]" name="LoginTest" duration-ms="29718" started-at="2018-11-29T20:57:49Z" finished-at="2018-11-29T20:58:18Z">
          <reporter-output>
          </reporter-output>
        </test-method> <!-- LoginTest -->
        <test-method status="PASS" signature="PostCondition()[pri:0, instance:com.flipkart_test.FlipkartLogin@62ee68d8]" name="PostCondition" is-config="true" duration-ms="17" started-at="2018-11-29T20:58:18Z" finished-at="2018-11-29T20:58:18Z">
          <reporter-output>
          </reporter-output>
        </test-method> <!-- PostCondition -->
      </class> <!-- com.flipkart_test.FlipkartLogin -->
    </test> <!-- Test2 -->
  </suite> <!-- Suite -->
</testng-results>
